<?xml version="1.0" encoding="UTF-8"?>
<!-- Generated by org.testng.reporters.JUnitReportReporter -->
<testsuite skipped="0" hostname="Deb" name="actiTIME.Demo" tests="1" failures="0" timestamp="2020-07-04T14:51:16 IST" time="0.026" errors="0">
  <testcase name="run" time="0.026" classname="actiTIME.Demo"/>
  <system-out>
my test run  </system-out>
</testsuite> <!-- actiTIME.Demo -->
